{"/home/santiago/Documentos/UIS/2024-1/DESARROLLO DE SOFTWARE/Grupo4-ConnectProTech/sw-project-team4/backend/controller/product/getCategoryProductOne.js": {"path":"/home/santiago/Documentos/UIS/2024-1/DESARROLLO DE SOFTWARE/Grupo4-ConnectProTech/sw-project-team4/backend/controller/product/getCategoryProductOne.js","all":false,"statementMap":{"0":{"start":{"line":1,"column":0},"end":{"line":1,"column":57}},"1":{"start":{"line":2,"column":0},"end":{"line":2,"column":0}},"2":{"start":{"line":3,"column":0},"end":{"line":3,"column":45}},"3":{"start":{"line":4,"column":0},"end":{"line":4,"column":8}},"4":{"start":{"line":5,"column":0},"end":{"line":5,"column":71}},"5":{"start":{"line":6,"column":0},"end":{"line":6,"column":48}},"6":{"start":{"line":7,"column":0},"end":{"line":7,"column":0}},"7":{"start":{"line":8,"column":0},"end":{"line":8,"column":55}},"8":{"start":{"line":9,"column":0},"end":{"line":9,"column":36}},"9":{"start":{"line":10,"column":0},"end":{"line":10,"column":0}},"10":{"start":{"line":11,"column":0},"end":{"line":11,"column":47}},"11":{"start":{"line":12,"column":0},"end":{"line":12,"column":66}},"12":{"start":{"line":13,"column":0},"end":{"line":13,"column":0}},"13":{"start":{"line":14,"column":0},"end":{"line":14,"column":24}},"14":{"start":{"line":15,"column":0},"end":{"line":15,"column":47}},"15":{"start":{"line":16,"column":0},"end":{"line":16,"column":13}},"16":{"start":{"line":17,"column":0},"end":{"line":17,"column":9}},"17":{"start":{"line":18,"column":0},"end":{"line":18,"column":0}},"18":{"start":{"line":19,"column":0},"end":{"line":19,"column":30}},"19":{"start":{"line":20,"column":0},"end":{"line":20,"column":42}},"20":{"start":{"line":21,"column":0},"end":{"line":21,"column":25}},"21":{"start":{"line":22,"column":0},"end":{"line":22,"column":26}},"22":{"start":{"line":23,"column":0},"end":{"line":23,"column":35}},"23":{"start":{"line":24,"column":0},"end":{"line":24,"column":10}},"24":{"start":{"line":25,"column":0},"end":{"line":25,"column":16}},"25":{"start":{"line":26,"column":0},"end":{"line":26,"column":18}},"26":{"start":{"line":27,"column":0},"end":{"line":27,"column":40}},"27":{"start":{"line":28,"column":0},"end":{"line":28,"column":24}},"28":{"start":{"line":29,"column":0},"end":{"line":29,"column":27}},"29":{"start":{"line":30,"column":0},"end":{"line":30,"column":10}},"30":{"start":{"line":31,"column":0},"end":{"line":31,"column":5}},"31":{"start":{"line":32,"column":0},"end":{"line":32,"column":1}},"32":{"start":{"line":33,"column":0},"end":{"line":33,"column":0}},"33":{"start":{"line":34,"column":0},"end":{"line":34,"column":35}}},"s":{"0":1,"1":1,"2":1,"3":3,"4":3,"5":1,"6":1,"7":1,"8":1,"9":1,"10":3,"11":3,"12":3,"13":3,"14":3,"15":3,"16":3,"17":1,"18":1,"19":1,"20":1,"21":1,"22":1,"23":1,"24":3,"25":2,"26":2,"27":2,"28":2,"29":2,"30":2,"31":3,"32":1,"33":1},"branchMap":{"0":{"type":"branch","line":3,"loc":{"start":{"line":3,"column":27},"end":{"line":32,"column":1}},"locations":[{"start":{"line":3,"column":27},"end":{"line":32,"column":1}}]},"1":{"type":"branch","line":6,"loc":{"start":{"line":6,"column":-1},"end":{"line":11,"column":46}},"locations":[{"start":{"line":6,"column":-1},"end":{"line":11,"column":46}}]},"2":{"type":"branch","line":17,"loc":{"start":{"line":17,"column":8},"end":{"line":25,"column":11}},"locations":[{"start":{"line":17,"column":8},"end":{"line":25,"column":11}}]},"3":{"type":"branch","line":25,"loc":{"start":{"line":25,"column":5},"end":{"line":31,"column":5}},"locations":[{"start":{"line":25,"column":5},"end":{"line":31,"column":5}}]},"4":{"type":"branch","line":27,"loc":{"start":{"line":27,"column":32},"end":{"line":27,"column":39}},"locations":[{"start":{"line":27,"column":32},"end":{"line":27,"column":39}}]}},"b":{"0":[3],"1":[1],"2":[1],"3":[2],"4":[0]},"fnMap":{"0":{"name":"getCategoryProduct","decl":{"start":{"line":3,"column":27},"end":{"line":32,"column":1}},"loc":{"start":{"line":3,"column":27},"end":{"line":32,"column":1}},"line":3}},"f":{"0":3}}
,"/home/santiago/Documentos/UIS/2024-1/DESARROLLO DE SOFTWARE/Grupo4-ConnectProTech/sw-project-team4/backend/controller/user/userSignUp.js": {"path":"/home/santiago/Documentos/UIS/2024-1/DESARROLLO DE SOFTWARE/Grupo4-ConnectProTech/sw-project-team4/backend/controller/user/userSignUp.js","all":false,"statementMap":{"0":{"start":{"line":1,"column":0},"end":{"line":1,"column":0}},"1":{"start":{"line":2,"column":0},"end":{"line":2,"column":35}},"2":{"start":{"line":3,"column":0},"end":{"line":3,"column":52}},"3":{"start":{"line":4,"column":0},"end":{"line":4,"column":38}},"4":{"start":{"line":5,"column":0},"end":{"line":5,"column":0}},"5":{"start":{"line":6,"column":0},"end":{"line":6,"column":0}},"6":{"start":{"line":7,"column":0},"end":{"line":7,"column":46}},"7":{"start":{"line":8,"column":0},"end":{"line":8,"column":8}},"8":{"start":{"line":9,"column":0},"end":{"line":9,"column":51}},"9":{"start":{"line":10,"column":0},"end":{"line":10,"column":53}},"10":{"start":{"line":11,"column":0},"end":{"line":11,"column":0}},"11":{"start":{"line":12,"column":0},"end":{"line":12,"column":17}},"12":{"start":{"line":13,"column":0},"end":{"line":13,"column":51}},"13":{"start":{"line":14,"column":0},"end":{"line":14,"column":9}},"14":{"start":{"line":15,"column":0},"end":{"line":15,"column":0}},"15":{"start":{"line":16,"column":0},"end":{"line":16,"column":29}},"16":{"start":{"line":17,"column":0},"end":{"line":17,"column":19}},"17":{"start":{"line":18,"column":0},"end":{"line":18,"column":58}},"18":{"start":{"line":19,"column":0},"end":{"line":19,"column":9}},"19":{"start":{"line":20,"column":0},"end":{"line":20,"column":0}},"20":{"start":{"line":21,"column":0},"end":{"line":21,"column":22}},"21":{"start":{"line":22,"column":0},"end":{"line":22,"column":63}},"22":{"start":{"line":23,"column":0},"end":{"line":23,"column":9}},"23":{"start":{"line":24,"column":0},"end":{"line":24,"column":0}},"24":{"start":{"line":25,"column":0},"end":{"line":25,"column":18}},"25":{"start":{"line":26,"column":0},"end":{"line":26,"column":58}},"26":{"start":{"line":27,"column":0},"end":{"line":27,"column":9}},"27":{"start":{"line":28,"column":0},"end":{"line":28,"column":0}},"28":{"start":{"line":29,"column":0},"end":{"line":29,"column":44}},"29":{"start":{"line":30,"column":0},"end":{"line":30,"column":67}},"30":{"start":{"line":31,"column":0},"end":{"line":31,"column":0}},"31":{"start":{"line":32,"column":0},"end":{"line":32,"column":26}},"32":{"start":{"line":33,"column":0},"end":{"line":33,"column":49}},"33":{"start":{"line":34,"column":0},"end":{"line":34,"column":9}},"34":{"start":{"line":35,"column":0},"end":{"line":35,"column":0}},"35":{"start":{"line":36,"column":0},"end":{"line":36,"column":25}},"36":{"start":{"line":37,"column":0},"end":{"line":37,"column":24}},"37":{"start":{"line":38,"column":0},"end":{"line":38,"column":29}},"38":{"start":{"line":39,"column":0},"end":{"line":39,"column":35}},"39":{"start":{"line":40,"column":0},"end":{"line":40,"column":9}},"40":{"start":{"line":41,"column":0},"end":{"line":41,"column":0}},"41":{"start":{"line":42,"column":0},"end":{"line":42,"column":47}},"42":{"start":{"line":43,"column":0},"end":{"line":43,"column":46}},"43":{"start":{"line":44,"column":0},"end":{"line":44,"column":0}},"44":{"start":{"line":45,"column":0},"end":{"line":45,"column":30}},"45":{"start":{"line":46,"column":0},"end":{"line":46,"column":28}},"46":{"start":{"line":47,"column":0},"end":{"line":47,"column":27}},"47":{"start":{"line":48,"column":0},"end":{"line":48,"column":26}},"48":{"start":{"line":49,"column":0},"end":{"line":49,"column":50}},"49":{"start":{"line":50,"column":0},"end":{"line":50,"column":10}},"50":{"start":{"line":51,"column":0},"end":{"line":51,"column":0}},"51":{"start":{"line":52,"column":0},"end":{"line":52,"column":0}},"52":{"start":{"line":53,"column":0},"end":{"line":53,"column":16}},"53":{"start":{"line":54,"column":0},"end":{"line":54,"column":18}},"54":{"start":{"line":55,"column":0},"end":{"line":55,"column":40}},"55":{"start":{"line":56,"column":0},"end":{"line":56,"column":24}},"56":{"start":{"line":57,"column":0},"end":{"line":57,"column":27}},"57":{"start":{"line":58,"column":0},"end":{"line":58,"column":10}},"58":{"start":{"line":59,"column":0},"end":{"line":59,"column":5}},"59":{"start":{"line":60,"column":0},"end":{"line":60,"column":1}},"60":{"start":{"line":61,"column":0},"end":{"line":61,"column":0}},"61":{"start":{"line":62,"column":0},"end":{"line":62,"column":37}}},"s":{"0":1,"1":1,"2":1,"3":1,"4":1,"5":1,"6":6,"7":6,"8":6,"9":6,"10":6,"11":6,"12":4,"13":4,"14":2,"15":2,"16":6,"17":0,"18":0,"19":2,"20":6,"21":0,"22":0,"23":2,"24":6,"25":0,"26":0,"27":2,"28":2,"29":2,"30":1,"31":6,"32":0,"33":0,"34":1,"35":1,"36":1,"37":1,"38":1,"39":1,"40":1,"41":1,"42":1,"43":1,"44":1,"45":1,"46":1,"47":1,"48":1,"49":1,"50":1,"51":1,"52":6,"53":5,"54":5,"55":5,"56":5,"57":5,"58":5,"59":6,"60":1,"61":1},"branchMap":{"0":{"type":"branch","line":7,"loc":{"start":{"line":7,"column":0},"end":{"line":60,"column":1}},"locations":[{"start":{"line":7,"column":0},"end":{"line":60,"column":1}}]},"1":{"type":"branch","line":12,"loc":{"start":{"line":12,"column":16},"end":{"line":14,"column":9}},"locations":[{"start":{"line":12,"column":16},"end":{"line":14,"column":9}}]},"2":{"type":"branch","line":14,"loc":{"start":{"line":14,"column":8},"end":{"line":17,"column":18}},"locations":[{"start":{"line":14,"column":8},"end":{"line":17,"column":18}}]},"3":{"type":"branch","line":17,"loc":{"start":{"line":17,"column":18},"end":{"line":19,"column":9}},"locations":[{"start":{"line":17,"column":18},"end":{"line":19,"column":9}}]},"4":{"type":"branch","line":19,"loc":{"start":{"line":19,"column":8},"end":{"line":21,"column":21}},"locations":[{"start":{"line":19,"column":8},"end":{"line":21,"column":21}}]},"5":{"type":"branch","line":21,"loc":{"start":{"line":21,"column":21},"end":{"line":23,"column":9}},"locations":[{"start":{"line":21,"column":21},"end":{"line":23,"column":9}}]},"6":{"type":"branch","line":23,"loc":{"start":{"line":23,"column":8},"end":{"line":25,"column":17}},"locations":[{"start":{"line":23,"column":8},"end":{"line":25,"column":17}}]},"7":{"type":"branch","line":25,"loc":{"start":{"line":25,"column":17},"end":{"line":27,"column":9}},"locations":[{"start":{"line":25,"column":17},"end":{"line":27,"column":9}}]},"8":{"type":"branch","line":27,"loc":{"start":{"line":27,"column":8},"end":{"line":30,"column":67}},"locations":[{"start":{"line":27,"column":8},"end":{"line":30,"column":67}}]},"9":{"type":"branch","line":30,"loc":{"start":{"line":30,"column":66},"end":{"line":32,"column":25}},"locations":[{"start":{"line":30,"column":66},"end":{"line":32,"column":25}}]},"10":{"type":"branch","line":32,"loc":{"start":{"line":32,"column":25},"end":{"line":34,"column":9}},"locations":[{"start":{"line":32,"column":25},"end":{"line":34,"column":9}}]},"11":{"type":"branch","line":34,"loc":{"start":{"line":34,"column":8},"end":{"line":53,"column":11}},"locations":[{"start":{"line":34,"column":8},"end":{"line":53,"column":11}}]},"12":{"type":"branch","line":53,"loc":{"start":{"line":53,"column":5},"end":{"line":59,"column":5}},"locations":[{"start":{"line":53,"column":5},"end":{"line":59,"column":5}}]},"13":{"type":"branch","line":55,"loc":{"start":{"line":55,"column":32},"end":{"line":55,"column":39}},"locations":[{"start":{"line":55,"column":32},"end":{"line":55,"column":39}}]}},"b":{"0":[6],"1":[4],"2":[2],"3":[0],"4":[2],"5":[0],"6":[2],"7":[0],"8":[2],"9":[1],"10":[0],"11":[1],"12":[5],"13":[0]},"fnMap":{"0":{"name":"userSignUpController","decl":{"start":{"line":7,"column":0},"end":{"line":60,"column":1}},"loc":{"start":{"line":7,"column":0},"end":{"line":60,"column":1}},"line":7}},"f":{"0":6}}
,"/home/santiago/Documentos/UIS/2024-1/DESARROLLO DE SOFTWARE/Grupo4-ConnectProTech/sw-project-team4/backend/models/productModel.js": {"path":"/home/santiago/Documentos/UIS/2024-1/DESARROLLO DE SOFTWARE/Grupo4-ConnectProTech/sw-project-team4/backend/models/productModel.js","all":false,"statementMap":{"0":{"start":{"line":1,"column":0},"end":{"line":1,"column":36}},"1":{"start":{"line":2,"column":0},"end":{"line":2,"column":0}},"2":{"start":{"line":3,"column":0},"end":{"line":3,"column":39}},"3":{"start":{"line":4,"column":0},"end":{"line":4,"column":24}},"4":{"start":{"line":5,"column":0},"end":{"line":5,"column":22}},"5":{"start":{"line":6,"column":0},"end":{"line":6,"column":21}},"6":{"start":{"line":7,"column":0},"end":{"line":7,"column":21}},"7":{"start":{"line":8,"column":0},"end":{"line":8,"column":24}},"8":{"start":{"line":9,"column":0},"end":{"line":9,"column":18}},"9":{"start":{"line":10,"column":0},"end":{"line":10,"column":25}},"10":{"start":{"line":11,"column":0},"end":{"line":11,"column":120}},"11":{"start":{"line":12,"column":0},"end":{"line":12,"column":0}},"12":{"start":{"line":13,"column":0},"end":{"line":13,"column":3}},"13":{"start":{"line":14,"column":0},"end":{"line":14,"column":21}},"14":{"start":{"line":15,"column":0},"end":{"line":15,"column":2}},"15":{"start":{"line":16,"column":0},"end":{"line":16,"column":0}},"16":{"start":{"line":17,"column":0},"end":{"line":17,"column":61}},"17":{"start":{"line":18,"column":0},"end":{"line":18,"column":0}},"18":{"start":{"line":19,"column":0},"end":{"line":19,"column":29}}},"s":{"0":1,"1":1,"2":1,"3":1,"4":1,"5":1,"6":1,"7":1,"8":1,"9":1,"10":1,"11":1,"12":1,"13":1,"14":1,"15":1,"16":1,"17":1,"18":1},"branchMap":{},"b":{},"fnMap":{},"f":{}}
,"/home/santiago/Documentos/UIS/2024-1/DESARROLLO DE SOFTWARE/Grupo4-ConnectProTech/sw-project-team4/backend/models/userModel.js": {"path":"/home/santiago/Documentos/UIS/2024-1/DESARROLLO DE SOFTWARE/Grupo4-ConnectProTech/sw-project-team4/backend/models/userModel.js","all":false,"statementMap":{"0":{"start":{"line":1,"column":0},"end":{"line":1,"column":36}},"1":{"start":{"line":2,"column":0},"end":{"line":2,"column":0}},"2":{"start":{"line":3,"column":0},"end":{"line":3,"column":50}},"3":{"start":{"line":4,"column":0},"end":{"line":4,"column":17}},"4":{"start":{"line":5,"column":0},"end":{"line":5,"column":13}},"5":{"start":{"line":6,"column":0},"end":{"line":6,"column":19}},"6":{"start":{"line":7,"column":0},"end":{"line":7,"column":0}},"7":{"start":{"line":8,"column":0},"end":{"line":8,"column":40}},"8":{"start":{"line":9,"column":0},"end":{"line":9,"column":18}},"9":{"start":{"line":10,"column":0},"end":{"line":10,"column":13}},"10":{"start":{"line":11,"column":0},"end":{"line":11,"column":22}},"11":{"start":{"line":12,"column":0},"end":{"line":12,"column":22}},"12":{"start":{"line":13,"column":0},"end":{"line":13,"column":23}},"13":{"start":{"line":14,"column":0},"end":{"line":14,"column":6}},"14":{"start":{"line":15,"column":0},"end":{"line":15,"column":22}},"15":{"start":{"line":16,"column":0},"end":{"line":16,"column":24}},"16":{"start":{"line":17,"column":0},"end":{"line":17,"column":18}},"17":{"start":{"line":18,"column":0},"end":{"line":18,"column":23}},"18":{"start":{"line":19,"column":0},"end":{"line":19,"column":18}},"19":{"start":{"line":20,"column":0},"end":{"line":20,"column":25}},"20":{"start":{"line":21,"column":0},"end":{"line":21,"column":21}},"21":{"start":{"line":22,"column":0},"end":{"line":22,"column":78}},"22":{"start":{"line":23,"column":0},"end":{"line":23,"column":3}},"23":{"start":{"line":24,"column":0},"end":{"line":24,"column":21}},"24":{"start":{"line":25,"column":0},"end":{"line":25,"column":2}},"25":{"start":{"line":26,"column":0},"end":{"line":26,"column":0}},"26":{"start":{"line":27,"column":0},"end":{"line":27,"column":52}},"27":{"start":{"line":28,"column":0},"end":{"line":28,"column":0}},"28":{"start":{"line":29,"column":0},"end":{"line":29,"column":26}}},"s":{"0":1,"1":1,"2":1,"3":1,"4":1,"5":1,"6":1,"7":1,"8":1,"9":1,"10":1,"11":1,"12":1,"13":1,"14":1,"15":1,"16":1,"17":1,"18":1,"19":1,"20":1,"21":1,"22":1,"23":1,"24":1,"25":1,"26":1,"27":1,"28":1},"branchMap":{},"b":{},"fnMap":{},"f":{}}
}
