TN:
SF:controller/product/getCategoryProductOne.js
FN:3,getCategoryProduct
FNF:1
FNH:1
FNDA:3,getCategoryProduct
DA:1,1
DA:2,1
DA:3,1
DA:4,3
DA:5,3
DA:6,1
DA:7,1
DA:8,1
DA:9,1
DA:10,1
DA:11,3
DA:12,3
DA:13,3
DA:14,3
DA:15,3
DA:16,3
DA:17,3
DA:18,1
DA:19,1
DA:20,1
DA:21,1
DA:22,1
DA:23,1
DA:24,1
DA:25,3
DA:26,2
DA:27,2
DA:28,2
DA:29,2
DA:30,2
DA:31,2
DA:32,3
DA:33,1
DA:34,1
LF:34
LH:34
BRDA:3,0,0,3
BRDA:6,1,0,1
BRDA:17,2,0,1
BRDA:25,3,0,2
BRDA:27,4,0,0
BRF:5
BRH:4
end_of_record
TN:
SF:controller/user/userSignUp.js
FN:7,userSignUpController
FNF:1
FNH:1
FNDA:6,userSignUpController
DA:1,1
DA:2,1
DA:3,1
DA:4,1
DA:5,1
DA:6,1
DA:7,6
DA:8,6
DA:9,6
DA:10,6
DA:11,6
DA:12,6
DA:13,4
DA:14,4
DA:15,2
DA:16,2
DA:17,6
DA:18,0
DA:19,0
DA:20,2
DA:21,6
DA:22,0
DA:23,0
DA:24,2
DA:25,6
DA:26,0
DA:27,0
DA:28,2
DA:29,2
DA:30,2
DA:31,1
DA:32,6
DA:33,0
DA:34,0
DA:35,1
DA:36,1
DA:37,1
DA:38,1
DA:39,1
DA:40,1
DA:41,1
DA:42,1
DA:43,1
DA:44,1
DA:45,1
DA:46,1
DA:47,1
DA:48,1
DA:49,1
DA:50,1
DA:51,1
DA:52,1
DA:53,6
DA:54,5
DA:55,5
DA:56,5
DA:57,5
DA:58,5
DA:59,5
DA:60,6
DA:61,1
DA:62,1
LF:62
LH:54
BRDA:7,0,0,6
BRDA:12,1,0,4
BRDA:14,2,0,2
BRDA:17,3,0,0
BRDA:19,4,0,2
BRDA:21,5,0,0
BRDA:23,6,0,2
BRDA:25,7,0,0
BRDA:27,8,0,2
BRDA:30,9,0,1
BRDA:32,10,0,0
BRDA:34,11,0,1
BRDA:53,12,0,5
BRDA:55,13,0,0
BRF:14
BRH:9
end_of_record
TN:
SF:models/productModel.js
FNF:0
FNH:0
DA:1,1
DA:2,1
DA:3,1
DA:4,1
DA:5,1
DA:6,1
DA:7,1
DA:8,1
DA:9,1
DA:10,1
DA:11,1
DA:12,1
DA:13,1
DA:14,1
DA:15,1
DA:16,1
DA:17,1
DA:18,1
DA:19,1
LF:19
LH:19
BRF:0
BRH:0
end_of_record
TN:
SF:models/userModel.js
FNF:0
FNH:0
DA:1,1
DA:2,1
DA:3,1
DA:4,1
DA:5,1
DA:6,1
DA:7,1
DA:8,1
DA:9,1
DA:10,1
DA:11,1
DA:12,1
DA:13,1
DA:14,1
DA:15,1
DA:16,1
DA:17,1
DA:18,1
DA:19,1
DA:20,1
DA:21,1
DA:22,1
DA:23,1
DA:24,1
DA:25,1
DA:26,1
DA:27,1
DA:28,1
DA:29,1
LF:29
LH:29
BRF:0
BRH:0
end_of_record
